[22:25:06] [ServerMain/INFO]: [bootstrap] Running Java 21 (OpenJDK 64-Bit Server VM 21.0.5+11-Ubuntu-1ubuntu120.04; Ubuntu null) on Linux 6.5.0-1025-azure (amd64)
[22:25:06] [ServerMain/INFO]: [bootstrap] Loading Paper 1.21.3-63-master@4190ee7 (2024-11-25T18:59:19Z) for Minecraft 1.21.3
[22:25:06] [ServerMain/INFO]: [PluginInitializerManager] Initializing plugins...
[22:25:06] [Paper Plugin Remapper Thread - 2/INFO]: [PluginRemapper] Remapping plugin 'plugins/floodgate-spigot.jar'...
[22:25:10] [Paper Plugin Remapper Thread - 2/INFO]: [PluginRemapper] Done remapping plugin 'plugins/floodgate-spigot.jar' in 3409ms.
[22:25:10] [ServerMain/INFO]: [PluginInitializerManager] Initialized 4 plugins
[22:25:10] [ServerMain/INFO]: [PluginInitializerManager] Bukkit plugins (4):
 - Geyser-Spigot (2.5.0-SNAPSHOT), ViaBackwards (5.0.3), ViaVersion (5.1.1), floodgate (2.2.3-SNAPSHOT (b114-83fbd6e))
[22:25:14] [ServerMain/INFO]: Environment: Environment[sessionHost=https://sessionserver.mojang.com, servicesHost=https://api.minecraftservices.com, name=PROD]
[22:25:14] [ServerMain/ERROR]: Failed to start the minecraft server
net.minecraft.util.DirectoryLock$LockException: /workspaces/w/servidor_minecraft/./world/session.lock: already locked (possibly by other Minecraft instance?)
	at net.minecraft.util.DirectoryLock$LockException.alreadyLocked(DirectoryLock.java:100) ~[paper-1.21.3.jar:1.21.3-63-4190ee7]
	at net.minecraft.util.DirectoryLock.create(DirectoryLock.java:30) ~[paper-1.21.3.jar:1.21.3-63-4190ee7]
	at net.minecraft.world.level.storage.LevelStorageSource$LevelStorageAccess.<init>(LevelStorageSource.java:522) ~[paper-1.21.3.jar:1.21.3-63-4190ee7]
	at net.minecraft.world.level.storage.LevelStorageSource.validateAndCreateAccess(LevelStorageSource.java:428) ~[paper-1.21.3.jar:1.21.3-63-4190ee7]
	at net.minecraft.server.Main.main(Main.java:198) ~[paper-1.21.3.jar:1.21.3-63-4190ee7]
	at io.papermc.paper.PaperBootstrap.boot(PaperBootstrap.java:21) ~[paper-1.21.3.jar:1.21.3-63-4190ee7]
	at org.bukkit.craftbukkit.Main.main(Main.java:281) ~[paper-1.21.3.jar:1.21.3-63-4190ee7]
	at io.papermc.paperclip.Paperclip.lambda$main$0(Paperclip.java:42) ~[app:?]
	at java.base/java.lang.Thread.run(Thread.java:1583) ~[?:?]
